<?xml version="1.0" encoding="utf-8"?><testsuites name="pytest tests"><testsuite name="pytest" errors="0" failures="0" skipped="0" tests="16" time="3.053" timestamp="2026-07-07T11:02:16.940460+00:00" hostname="agent-env-24c710e5-a936-46ad-9b57-a1baf258ba91"><testcase classname="tests.test_referral.TestPublicRefer" name="test_get_invalid_code" time="0.265" /><testcase classname="tests.test_referral.TestClientReferral" name="test_eligible_client" time="0.458" /><testcase classname="tests.test_referral.TestPublicRefer" name="test_get_valid_code" time="0.735" /><testcase classname="tests.test_referral.TestClientReferral" name="test_ineligible_client" time="0.466" /><testcase classname="tests.test_referral.TestClientReferral" name="test_client_list_referrals" time="0.050" /><testcase classname="tests.test_referral.TestClientReferral" name="test_requires_auth" time="0.123" /><testcase classname="tests.test_referral.TestPublicRefer" name="test_get_lowercase_code_normalized" time="0.150" /><testcase classname="tests.test_referral.TestPublicRefer" name="test_post_creates_customer_lead_referral_and_notification" time="0.607" /><testcase classname="tests.test_referral.TestSettingsReferral" name="test_settings_has_referral_fields" time="0.463" /><testcase classname="tests.test_referral.TestSettingsReferral" name="test_update_referral_discount_and_template" time="0.209" /><testcase classname="tests.test_referral.TestPublicRefer" name="test_post_reuses_customer_if_phone_exists" time="0.381" /><testcase classname="tests.test_referral.TestAdminReferrals" name="test_list_and_patch" time="0.522" /><testcase classname="tests.test_referral.TestPublicRefer" name="test_post_invalid_code_404" time="0.172" /><testcase classname="tests.test_referral.TestAdminReferrals" name="test_referrals_require_staff_auth" time="0.098" /><testcase classname="tests.test_referral.TestPublicRefer" name="test_post_missing_fields_400" time="0.149" /><testcase classname="tests.test_referral.TestCustomerDetailReferrals" name="test_referring_customer_has_referrals_array" time="0.059" /></testsuite></testsuites>