<?xml version="1.0" encoding="utf-8"?><testsuites name="pytest tests"><testsuite name="pytest" errors="0" failures="0" skipped="0" tests="17" time="3.840" timestamp="2026-07-07T10:37:18.653510+00:00" hostname="agent-env-24c710e5-a936-46ad-9b57-a1baf258ba91"><testcase classname="tests.backend_test.TestAuth" name="test_login_bad_password" time="0.699" /><testcase classname="tests.backend_test.TestGenericResources" name="test_work_orders" time="1.143" /><testcase classname="tests.backend_test.TestAuth" name="test_me" time="0.473" /><testcase classname="tests.backend_test.TestGenericResources" name="test_production" time="0.129" /><testcase classname="tests.backend_test.TestAuth" name="test_me_unauth" time="0.098" /><testcase classname="tests.backend_test.TestGenericResources" name="test_warranties" time="0.089" /><testcase classname="tests.backend_test.TestGenericResources" name="test_service_tickets" time="0.176" /><testcase classname="tests.backend_test.TestClientPortal" name="test_client_me_and_orders" time="0.312" /><testcase classname="tests.backend_test.TestGenericResources" name="test_settings" time="0.131" /><testcase classname="tests.backend_test.TestClientPortal" name="test_client_endpoints_require_auth" time="0.138" /><testcase classname="tests.backend_test.TestDashboard" name="test_stats" time="0.049" /><testcase classname="tests.backend_test.TestCustomers" name="test_customer_flow" time="0.221" /><testcase classname="tests.backend_test.TestClientPortal" name="test_bad_otp" time="0.126" /><testcase classname="tests.backend_test.TestLeads" name="test_lead_crud" time="0.577" /><testcase classname="tests.backend_test.TestMeasurements" name="test_create_notifies_assignee" time="0.630" /><testcase classname="tests.backend_test.TestReports" name="test_summary" time="0.045" /><testcase classname="tests.backend_test.TestInstallations" name="test_installation_flow_and_warranty" time="0.678" /></testsuite></testsuites>